<?xml version="1.0" encoding="UTF-8"?>
<testsuite xmlns:xsi="http://www.w3.org/2001/XMLSchema-instance" xsi:noNamespaceSchemaLocation="https://maven.apache.org/surefire/maven-surefire-plugin/xsd/surefire-test-report-3.0.xsd" version="3.0" name="integracao.AlunoTest" time="0.036" tests="10" errors="0" skipped="0" failures="0">
  <properties>
    <property name="java.specification.version" value="21"/>
    <property name="sun.jnu.encoding" value="UTF-8"/>
    <property name="java.class.path" value="/home/julio-manoel/GitHub/Pessoal/QA/integracao-main/target/test-classes:/home/julio-manoel/GitHub/Pessoal/QA/integracao-main/target/classes:/home/julio-manoel/.m2/repository/junit/junit/4.12/junit-4.12.jar:/home/julio-manoel/.m2/repository/org/hamcrest/hamcrest-core/1.3/hamcrest-core-1.3.jar:"/>
    <property name="java.vm.vendor" value="Eclipse Adoptium"/>
    <property name="sun.arch.data.model" value="64"/>
    <property name="java.vendor.url" value="https://adoptium.net/"/>
    <property name="os.name" value="Linux"/>
    <property name="java.vm.specification.version" value="21"/>
    <property name="sun.java.launcher" value="SUN_STANDARD"/>
    <property name="user.country" value="BR"/>
    <property name="sun.boot.library.path" value="/snap/eclipse/95/plugins/org.eclipse.justj.openjdk.hotspot.jre.full.linux.x86_64_21.0.3.v20240426-1530/jre/lib"/>
    <property name="sun.java.command" value="/home/julio-manoel/GitHub/Pessoal/QA/integracao-main/target/surefire/surefirebooter-20240905230923457_3.jar /home/julio-manoel/GitHub/Pessoal/QA/integracao-main/target/surefire 2024-09-05T23-09-23_418-jvmRun1 surefire-20240905230923457_1tmp surefire_0-20240905230923457_2tmp"/>
    <property name="jdk.debug" value="release"/>
    <property name="surefire.test.class.path" value="/home/julio-manoel/GitHub/Pessoal/QA/integracao-main/target/test-classes:/home/julio-manoel/GitHub/Pessoal/QA/integracao-main/target/classes:/home/julio-manoel/.m2/repository/junit/junit/4.12/junit-4.12.jar:/home/julio-manoel/.m2/repository/org/hamcrest/hamcrest-core/1.3/hamcrest-core-1.3.jar:"/>
    <property name="sun.cpu.endian" value="little"/>
    <property name="user.home" value="/home/julio-manoel"/>
    <property name="user.language" value="pt"/>
    <property name="java.specification.vendor" value="Oracle Corporation"/>
    <property name="java.version.date" value="2024-04-16"/>
    <property name="java.home" value="/snap/eclipse/95/plugins/org.eclipse.justj.openjdk.hotspot.jre.full.linux.x86_64_21.0.3.v20240426-1530/jre"/>
    <property name="file.separator" value="/"/>
    <property name="basedir" value="/home/julio-manoel/GitHub/Pessoal/QA/integracao-main"/>
    <property name="style.color" value="always"/>
    <property name="java.vm.compressedOopsMode" value="Zero based"/>
    <property name="line.separator" value="&#10;"/>
    <property name="java.specification.name" value="Java Platform API Specification"/>
    <property name="java.vm.specification.vendor" value="Oracle Corporation"/>
    <property name="surefire.real.class.path" value="/home/julio-manoel/GitHub/Pessoal/QA/integracao-main/target/surefire/surefirebooter-20240905230923457_3.jar"/>
    <property name="sun.management.compiler" value="HotSpot 64-Bit Tiered Compilers"/>
    <property name="java.runtime.version" value="21.0.3+9-LTS"/>
    <property name="user.name" value="julio-manoel"/>
    <property name="stdout.encoding" value="UTF-8"/>
    <property name="path.separator" value=":"/>
    <property name="os.version" value="6.8.0-41-generic"/>
    <property name="java.runtime.name" value="OpenJDK Runtime Environment"/>
    <property name="file.encoding" value="UTF-8"/>
    <property name="java.vm.name" value="OpenJDK 64-Bit Server VM"/>
    <property name="java.vendor.version" value="Temurin-21.0.3+9"/>
    <property name="localRepository" value="/home/julio-manoel/.m2/repository"/>
    <property name="java.vendor.url.bug" value="https://github.com/adoptium/adoptium-support/issues"/>
    <property name="java.io.tmpdir" value="/tmp"/>
    <property name="java.version" value="21.0.3"/>
    <property name="user.dir" value="/home/julio-manoel/GitHub/Pessoal/QA/integracao-main"/>
    <property name="os.arch" value="amd64"/>
    <property name="java.vm.specification.name" value="Java Virtual Machine Specification"/>
    <property name="native.encoding" value="UTF-8"/>
    <property name="java.library.path" value="/usr/java/packages/lib:/usr/lib64:/lib64:/lib:/usr/lib"/>
    <property name="java.vm.info" value="mixed mode"/>
    <property name="stderr.encoding" value="UTF-8"/>
    <property name="java.vendor" value="Eclipse Adoptium"/>
    <property name="java.vm.version" value="21.0.3+9-LTS"/>
    <property name="sun.io.unicode.encoding" value="UnicodeLittle"/>
    <property name="java.class.version" value="65.0"/>
  </properties>
  <testcase name="testCalcularAprovacao_AprovacaoLimiteFrequencia" classname="integracao.AlunoTest" time="0.001"/>
  <testcase name="testGetNota1" classname="integracao.AlunoTest" time="0.0"/>
  <testcase name="testGetNota2" classname="integracao.AlunoTest" time="0.0"/>
  <testcase name="testAprovacao_AprovacaoNota" classname="integracao.AlunoTest" time="0.0"/>
  <testcase name="testCalcularAprovacao_ReprovacaoFinal" classname="integracao.AlunoTest" time="0.001"/>
  <testcase name="testGetFrequencia" classname="integracao.AlunoTest" time="0.0"/>
  <testcase name="testCalcularAprovacao_ReprovacaoLimiteFrequencia" classname="integracao.AlunoTest" time="0.0"/>
  <testcase name="testAprovacao_AprovacaoFinal" classname="integracao.AlunoTest" time="0.0"/>
  <testcase name="testCalcularAprovacao_ReprovacaoFrequencia" classname="integracao.AlunoTest" time="0.0"/>
  <testcase name="testCalcularAprovacao_ReprovacaoNota" classname="integracao.AlunoTest" time="0.0"/>
</testsuite>